02/10/2018 14:20:54
Linhas .alu: 9 linhas .hex: 4
Atribuicoes feitas em A: 2, atribuicoes feitas em B: 1
Instrucoes (C): 4
Tempo para realizar a leitura de '74181.alu' : 2.219800 (Milissegundos)
Tempo para realizar a traducao de '74181.alu' : 0.003398 (Milissegundos)
Tempo para realizar a gravacao em '74181.hex' : 0.006041 (Milissegundos)

02/10/2018 14:21:49
Linhas .alu: 9 linhas .hex: 4
Atribuicoes feitas em A: 2, atribuicoes feitas em B: 1
Instrucoes (C): 4
Tempo para realizar a leitura de '74181.alu' : 2.349310 (Milissegundos)
Tempo para realizar a traducao de '74181.alu' : 0.004531 (Milissegundos)
Tempo para realizar a gravacao em '74181.hex' : 0.006796 (Milissegundos)

02/10/2018 14:22:20
Linhas .alu: 9 linhas .hex: 4
Atribuicoes feitas em A: 2, atribuicoes feitas em B: 1
Instrucoes (C): 4
Tempo para realizar a leitura de '74181.alu' : 2.115210 (Milissegundos)
Tempo para realizar a traducao de '74181.alu' : 0.003021 (Milissegundos)
Tempo para realizar a gravacao em '74181.hex' : 0.005664 (Milissegundos)

02/10/2018 14:27:46
Linhas .alu: 89 linhas .hex: 50
Atribuicoes feitas em A: 19, atribuicoes feitas em B: 18
Instrucoes (C): 50
Tempo para realizar a leitura de '74181.alu' : 2.149947 (Milissegundos)
Tempo para realizar a traducao de '74181.alu' : 0.044932 (Milissegundos)
Tempo para realizar a gravacao em '74181.hex' : 0.046065 (Milissegundos)

02/10/2018 14:31:05
Linhas .alu: 89 linhas .hex: 50
Atribuicoes feitas em A: 19, atribuicoes feitas em B: 18
Instrucoes (C): 50
Tempo para realizar a leitura de '74181.alu' : 2.157877 (Milissegundos)
Tempo para realizar a traducao de '74181.alu' : 0.043422 (Milissegundos)
Tempo para realizar a gravacao em '74181.hex' : 0.044555 (Milissegundos)

